Getting main colors from /home/tinou/.config/dwm/colors
Colors set to:
normal background: #e4e9ed
normal foreground: #6480c3
select background: #3c6ca2
select foreground: #ffffff
oclock: no process found
Creating client
Applying rule 0: name == 'terminal saito:~/hacks/dwm-tinou', class == 'kitty', instance == 'kitty'
Applying rule 3: name == 'terminal saito:~/hacks/dwm-tinou', class == 'kitty', instance == 'kitty'
Creating client
Applying rule 0: name == 'terminal saito:~/hacks/dwm-tinou', class == 'kitty', instance == 'kitty'
Applying rule 3: name == 'terminal saito:~/hacks/dwm-tinou', class == 'kitty', instance == 'kitty'
Creating client
Applying rule 0: name == 'terminal saito:~/hacks/scripts', class == 'kitty', instance == 'kitty'
Applying rule 3: name == 'terminal saito:~/hacks/scripts', class == 'kitty', instance == 'kitty'
Creating client
Applying rule 0: name == 'dwm.c (~/hacks/dwm-tinou) - NVIM', class == 'kitty', instance == 'kitty'
Applying rule 3: name == 'dwm.c (~/hacks/dwm-tinou) - NVIM', class == 'kitty', instance == 'kitty'
Creating client
Applying rule 0: name == 'terminal saito:~/hacks/dwm-tinou', class == 'kitty', instance == 'kitty'
Applying rule 3: name == 'terminal saito:~/hacks/dwm-tinou', class == 'kitty', instance == 'kitty'
Creating client
Applying rule 0: name == 'oclock', class == 'Clock', instance == 'oclock'
Creating client
Applying rule 0: name == 'kitty', class == 'kitty', instance == 'kitty'
Applying rule 3: name == 'kitty', class == 'kitty', instance == 'kitty'
Creating client
Applying rule 0: name == 'oclock', class == 'Clock', instance == 'oclock'
Creating client
Applying rule 0: name == 'oclock', class == 'Clock', instance == 'oclock'
Creating client
Applying rule 0: name == 'kitty', class == 'kitty', instance == 'kitty'
Applying rule 3: name == 'kitty', class == 'kitty', instance == 'kitty'
dwm: execvp ./bin/dmenu_run failed: No such file or directory
dwm: execvp ./bin/dmenu_run failed: No such file or directory
[322 21:24:49.326776] Escape codes to resize text area are not supported
XIO:  fatal IO error 11 (Resource temporarily unavailable) on X server ":0.0"
      after 3158 requests (3156 known processed) with 1 events remaining.
